<?xml version="1.0" encoding="UTF-8"?>
<!-- Generated by org.testng.reporters.JUnitXMLReporter -->
<testsuite ignored="0" hostname="SWT-LTOP-612" failures="0" tests="5" name="chromeTest" time="22.148" errors="0" timestamp="2026-08-04T12:31:44 IST">
  <testcase classname="tests.AutomationTests" name="gotoAPK" time="0.06"/>
  <testcase classname="tests.AutomationTests" name="verifySignup" time="6.42"/>
  <testcase classname="tests.AutomationTests" name="login" time="0.202"/>
  <testcase classname="tests.AutomationTests" name="checkoutCart" time="2.124"/>
  <testcase classname="tests.AutomationTests" name="verifySearchBar" time="0.073"/>
</testsuite> <!-- chromeTest -->
