<?xml version="1.0" encoding="UTF-8"?>
<!-- Generated by org.testng.reporters.JUnitXMLReporter -->
<testsuite ignored="0" hostname="SWT-LTOP-612" failures="0" tests="3" name="chromeTest" time="13.255" errors="0" timestamp="2026-08-03T16:27:57 IST">
  <testcase classname="tests.AutomationTests" name="gotoAPK" time="2.091"/>
  <testcase classname="tests.AutomationTests" name="verifySignup" time="0.459"/>
  <testcase classname="tests.AutomationTests" name="login" time="0.121"/>
</testsuite> <!-- chromeTest -->
