<?xml version="1.0" encoding="UTF-8"?>
<!-- Generated by org.testng.reporters.JUnitXMLReporter -->
<testsuite ignored="0" hostname="SWT-LTOP-612" failures="0" tests="3" name="EdgeTest" time="13.683" errors="0" timestamp="2026-08-03T16:27:57 IST">
  <testcase classname="tests.AutomationTests" name="gotoAPK" time="2.762"/>
  <testcase classname="tests.AutomationTests" name="verifySignup" time="0.221"/>
  <testcase classname="tests.AutomationTests" name="login" time="0.143"/>
</testsuite> <!-- EdgeTest -->
