<?xml version="1.0" encoding="UTF-8"?>
<!-- Generated by org.testng.reporters.JUnitXMLReporter -->
<testsuite ignored="0" hostname="SWT-LTOP-612" failures="0" tests="5" name="EdgeTest" time="19.331" errors="0" timestamp="2026-08-04T12:31:41 IST">
  <testcase classname="tests.AutomationTests" name="gotoAPK" time="0.222"/>
  <testcase classname="tests.AutomationTests" name="verifySignup" time="4.31"/>
  <testcase classname="tests.AutomationTests" name="login" time="0.176"/>
  <testcase classname="tests.AutomationTests" name="checkoutCart" time="2.105"/>
  <testcase classname="tests.AutomationTests" name="verifySearchBar" time="0.073"/>
</testsuite> <!-- EdgeTest -->
