<?xml version="1.0" encoding="UTF-8"?>
<!-- Generated by org.testng.reporters.JUnitXMLReporter -->
<testsuite ignored="0" hostname="SWT-LTOP-612" failures="0" tests="5" name="FirefoxTest" time="16.689" errors="0" timestamp="2026-08-04T12:31:39 IST">
  <testcase classname="tests.AutomationTests" name="gotoAPK" time="0.048"/>
  <testcase classname="tests.AutomationTests" name="verifySignup" time="0.498"/>
  <testcase classname="tests.AutomationTests" name="login" time="0.182"/>
  <testcase classname="tests.AutomationTests" name="checkoutCart" time="2.162"/>
  <testcase classname="tests.AutomationTests" name="verifySearchBar" time="0.078"/>
</testsuite> <!-- FirefoxTest -->
