<?xml version="1.0" encoding="UTF-8"?>
<!-- Generated by org.testng.reporters.JUnitXMLReporter -->
<testsuite ignored="0" hostname="SWT-LTOP-612" failures="0" tests="3" name="FirefoxTest" time="16.607" errors="0" timestamp="2026-08-03T16:28:00 IST">
  <testcase classname="tests.AutomationTests" name="gotoAPK" time="3.14"/>
  <testcase classname="tests.AutomationTests" name="verifySignup" time="0.275"/>
  <testcase classname="tests.AutomationTests" name="login" time="0.174"/>
</testsuite> <!-- FirefoxTest -->
