<?xml version="1.0" encoding="UTF-8"?>
<!-- Generated by org.testng.reporters.JUnitReportReporter -->
<testsuite hostname="SWT-LTOP-612" failures="0" tests="15" name="tests.AutomationTests" time="18.733" errors="0" timestamp="2026-08-04T12:31:44 IST" skipped="0">
  <testcase classname="tests.AutomationTests" name="gotoAPK" time="0.222"/>
  <testcase classname="tests.AutomationTests" name="gotoAPK" time="0.048"/>
  <testcase classname="tests.AutomationTests" name="gotoAPK" time="0.060"/>
  <testcase classname="tests.AutomationTests" name="verifySignup" time="6.420"/>
  <testcase classname="tests.AutomationTests" name="verifySignup" time="0.498"/>
  <testcase classname="tests.AutomationTests" name="verifySignup" time="4.310"/>
  <testcase classname="tests.AutomationTests" name="login" time="0.182"/>
  <testcase classname="tests.AutomationTests" name="login" time="0.176"/>
  <testcase classname="tests.AutomationTests" name="login" time="0.202"/>
  <testcase classname="tests.AutomationTests" name="checkoutCart" time="2.105"/>
  <testcase classname="tests.AutomationTests" name="checkoutCart" time="2.162"/>
  <testcase classname="tests.AutomationTests" name="checkoutCart" time="2.124"/>
  <testcase classname="tests.AutomationTests" name="verifySearchBar" time="0.073"/>
  <testcase classname="tests.AutomationTests" name="verifySearchBar" time="0.078"/>
  <testcase classname="tests.AutomationTests" name="verifySearchBar" time="0.073"/>
</testsuite> <!-- tests.AutomationTests -->
